<?xml version="1.0" encoding="UTF-8"?>
<coverage generated="1670970877525" clover="3.2.0">
  <project timestamp="1670970877525" name="All files">
    <metrics statements="25" coveredstatements="24" conditionals="4" coveredconditionals="3" methods="7" coveredmethods="7" elements="36" coveredelements="34" complexity="0" loc="25" ncloc="25" packages="1" files="3" classes="3"/>
    <file name="calculator.js" path="/home/admirerbrown/Documents/GitHub/AAA-test-practice/calculator.js">
      <metrics statements="10" coveredstatements="10" conditionals="0" coveredconditionals="0" methods="4" coveredmethods="4"/>
      <line num="1" count="1" type="stmt"/>
      <line num="3" count="3" type="stmt"/>
      <line num="4" count="3" type="stmt"/>
      <line num="7" count="3" type="stmt"/>
      <line num="8" count="3" type="stmt"/>
      <line num="11" count="3" type="stmt"/>
      <line num="12" count="3" type="stmt"/>
      <line num="15" count="3" type="stmt"/>
      <line num="16" count="3" type="stmt"/>
      <line num="20" count="1" type="stmt"/>
    </file>
    <file name="functions.js" path="/home/admirerbrown/Documents/GitHub/AAA-test-practice/functions.js">
      <metrics statements="9" coveredstatements="8" conditionals="4" coveredconditionals="3" methods="2" coveredmethods="2"/>
      <line num="1" count="1" type="stmt"/>
      <line num="4" count="1" type="stmt"/>
      <line num="5" count="1" type="cond" truecount="3" falsecount="1"/>
      <line num="6" count="0" type="stmt"/>
      <line num="11" count="1" type="stmt"/>
      <line num="12" count="1" type="stmt"/>
      <line num="13" count="1" type="stmt"/>
      <line num="14" count="1" type="stmt"/>
      <line num="21" count="1" type="stmt"/>
    </file>
    <file name="ttd.js" path="/home/admirerbrown/Documents/GitHub/AAA-test-practice/ttd.js">
      <metrics statements="6" coveredstatements="6" conditionals="0" coveredconditionals="0" methods="1" coveredmethods="1"/>
      <line num="1" count="1" type="stmt"/>
      <line num="2" count="1" type="stmt"/>
      <line num="3" count="1" type="stmt"/>
      <line num="4" count="1" type="stmt"/>
      <line num="5" count="1" type="stmt"/>
      <line num="10" count="1" type="stmt"/>
    </file>
  </project>
</coverage>
