TN:
SF:calculator.js
FN:2,(anonymous_0)
FN:6,(anonymous_1)
FN:10,(anonymous_2)
FN:14,(anonymous_3)
FNF:4
FNH:4
FNDA:3,(anonymous_0)
FNDA:3,(anonymous_1)
FNDA:3,(anonymous_2)
FNDA:3,(anonymous_3)
DA:1,1
DA:3,3
DA:4,3
DA:7,3
DA:8,3
DA:11,3
DA:12,3
DA:15,3
DA:16,3
DA:20,1
LF:10
LH:10
BRF:0
BRH:0
end_of_record
TN:
SF:functions.js
FN:3,(anonymous_0)
FN:10,(anonymous_1)
FNF:2
FNH:2
FNDA:1,(anonymous_0)
FNDA:1,(anonymous_1)
DA:1,1
DA:4,1
DA:5,1
DA:6,0
DA:11,1
DA:12,1
DA:13,1
DA:14,1
DA:21,1
LF:9
LH:8
BRDA:5,0,0,0
BRDA:5,0,1,1
BRDA:5,1,0,1
BRDA:5,1,1,1
BRF:4
BRH:3
end_of_record
TN:
SF:ttd.js
FN:1,(anonymous_0)
FNF:1
FNH:1
FNDA:1,(anonymous_0)
DA:1,1
DA:2,1
DA:3,1
DA:4,1
DA:5,1
DA:10,1
LF:6
LH:6
BRF:0
BRH:0
end_of_record
